/fs/nexus-scratch/dongping/miniconda3/envs/blip3o-next/lib/python3.10/site-packages/transformers/utils/hub.py:105: FutureWarning: Using `TRANSFORMERS_CACHE` is deprecated and will be removed in v5 of Transformers. Use `HF_HOME` instead.
  warnings.warn(
The following values were not passed to `accelerate launch` and had defaults used instead:
	`--num_processes` was set to a value of `4`
		More than one GPU was found, enabling multi-GPU training.
		If this was unintended please pass in `--num_processes=1`.
	`--num_machines` was set to a value of `1`
	`--mixed_precision` was set to a value of `'no'`
	`--dynamo_backend` was set to a value of `'no'`
To avoid this warning pass in values for each of the problematic parameters or run `accelerate config`.
Traceback (most recent call last):
  File "/fs/cml-projects/worldmodel/Self-Forcing/DiffSynth-Studio/examples/wanvideo/model_training/train.py", line 2, in <module>
Traceback (most recent call last):
Traceback (most recent call last):
  File "/fs/cml-projects/worldmodel/Self-Forcing/DiffSynth-Studio/examples/wanvideo/model_training/train.py", line 2, in <module>
  File "/fs/cml-projects/worldmodel/Self-Forcing/DiffSynth-Studio/examples/wanvideo/model_training/train.py", line 2, in <module>
Traceback (most recent call last):
  File "/fs/cml-projects/worldmodel/Self-Forcing/DiffSynth-Studio/examples/wanvideo/model_training/train.py", line 2, in <module>
        from diffsynth.core import UnifiedDataset    from diffsynth.core import UnifiedDataset    
from diffsynth.core import UnifiedDataset
from diffsynth.core import UnifiedDataset
ModuleNotFoundError
ModuleNotFoundError: ModuleNotFoundError: ModuleNotFoundErrorNo module named 'diffsynth': No module named 'diffsynth': 
No module named 'diffsynth'
No module named 'diffsynth'

E1225 12:40:41.030000 2274390 site-packages/torch/distributed/elastic/multiprocessing/api.py:874] failed (exitcode: 1) local_rank: 0 (pid: 2274537) of binary: /fs/nexus-scratch/dongping/miniconda3/envs/blip3o-next/bin/python3.10
Traceback (most recent call last):
  File "/fs/nexus-scratch/dongping/miniconda3/envs/blip3o-next/bin/accelerate", line 7, in <module>
    sys.exit(main())
  File "/fs/nexus-scratch/dongping/miniconda3/envs/blip3o-next/lib/python3.10/site-packages/accelerate/commands/accelerate_cli.py", line 50, in main
    args.func(args)
  File "/fs/nexus-scratch/dongping/miniconda3/envs/blip3o-next/lib/python3.10/site-packages/accelerate/commands/launch.py", line 1226, in launch_command
    multi_gpu_launcher(args)
  File "/fs/nexus-scratch/dongping/miniconda3/envs/blip3o-next/lib/python3.10/site-packages/accelerate/commands/launch.py", line 853, in multi_gpu_launcher
    distrib_run.run(args)
  File "/fs/nexus-scratch/dongping/miniconda3/envs/blip3o-next/lib/python3.10/site-packages/torch/distributed/run.py", line 892, in run
    elastic_launch(
  File "/fs/nexus-scratch/dongping/miniconda3/envs/blip3o-next/lib/python3.10/site-packages/torch/distributed/launcher/api.py", line 143, in __call__
    return launch_agent(self._config, self._entrypoint, list(args))
  File "/fs/nexus-scratch/dongping/miniconda3/envs/blip3o-next/lib/python3.10/site-packages/torch/distributed/launcher/api.py", line 277, in launch_agent
    raise ChildFailedError(
torch.distributed.elastic.multiprocessing.errors.ChildFailedError: 
============================================================
examples/wanvideo/model_training/train.py FAILED
------------------------------------------------------------
Failures:
[1]:
  time      : 2025-12-25_12:40:41
  host      : vulcan46.umiacs.umd.edu
  rank      : 1 (local_rank: 1)
  exitcode  : 1 (pid: 2274538)
  error_file: <N/A>
  traceback : To enable traceback see: https://pytorch.org/docs/stable/elastic/errors.html
[2]:
  time      : 2025-12-25_12:40:41
  host      : vulcan46.umiacs.umd.edu
  rank      : 2 (local_rank: 2)
  exitcode  : 1 (pid: 2274539)
  error_file: <N/A>
  traceback : To enable traceback see: https://pytorch.org/docs/stable/elastic/errors.html
[3]:
  time      : 2025-12-25_12:40:41
  host      : vulcan46.umiacs.umd.edu
  rank      : 3 (local_rank: 3)
  exitcode  : 1 (pid: 2274540)
  error_file: <N/A>
  traceback : To enable traceback see: https://pytorch.org/docs/stable/elastic/errors.html
------------------------------------------------------------
Root Cause (first observed failure):
[0]:
  time      : 2025-12-25_12:40:41
  host      : vulcan46.umiacs.umd.edu
  rank      : 0 (local_rank: 0)
  exitcode  : 1 (pid: 2274537)
  error_file: <N/A>
  traceback : To enable traceback see: https://pytorch.org/docs/stable/elastic/errors.html
============================================================
